<?xml version="1.0" encoding="UTF-8"?>
<testng-results skipped="0" failed="1" ignored="0" total="3" passed="2">
  <reporter-output>
  </reporter-output>
  <suite name="Suite" duration-ms="67740" started-at="2020-02-18T17:24:39 EST" finished-at="2020-02-18T17:25:47 EST">
    <groups>
    </groups>
    <test name="Test" duration-ms="67740" started-at="2020-02-18T17:24:39 EST" finished-at="2020-02-18T17:25:47 EST">
      <class name="com.Tests.AmazonLoginTest">
        <test-method status="PASS" signature="setup()[pri:0, instance:com.Tests.AmazonLoginTest@cd2dae5]" name="setup" is-config="true" duration-ms="240" started-at="2020-02-18T17:24:39 EST" finished-at="2020-02-18T17:24:39 EST">
          <reporter-output>
          </reporter-output>
        </test-method> <!-- setup -->
        <test-method status="PASS" signature="setup(java.lang.String)[pri:0, instance:com.Tests.AmazonLoginTest@cd2dae5]" name="setup" is-config="true" duration-ms="8514" started-at="2020-02-18T17:24:40 EST" finished-at="2020-02-18T17:24:48 EST">
          <params>
            <param index="0">
              <value>
                <![CDATA[MACchrome]]>
              </value>
            </param>
          </params>
          <reporter-output>
          </reporter-output>
        </test-method> <!-- setup -->
        <test-method status="FAIL" signature="LogIn_Invlid_Email()[pri:0, instance:com.Tests.AmazonLoginTest@cd2dae5]" name="LogIn_Invlid_Email" duration-ms="23491" started-at="2020-02-18T17:24:48 EST" finished-at="2020-02-18T17:25:12 EST">
          <exception class="org.openqa.selenium.NoSuchElementException">
            <message>
              <![CDATA[no such element: Unable to locate element: {"method":"xpath","selector":"//*[@id="auth-error-message-box"]/div/div/ul/li/span"}
  (Session info: chrome=79.0.3945.130)
For documentation on this error, please visit: https://www.seleniumhq.org/exceptions/no_such_element.html
Build info: version: '3.141.59', revision: 'e82be7d358', time: '2018-11-14T08:17:03'
System info: host: 'MDs-MacBook-Air.fios-router.home', ip: 'fe80:0:0:0:4a3:48a0:b223:74ab%en0', os.name: 'Mac OS X', os.arch: 'x86_64', os.version: '10.15.3', java.version: '1.8.0_221'
Driver info: org.openqa.selenium.chrome.ChromeDriver
Capabilities {acceptInsecureCerts: false, browserName: chrome, browserVersion: 79.0.3945.130, chrome: {chromedriverVersion: 79.0.3945.36 (3582db32b3389..., userDataDir: /var/folders/tx/_y6jrbnj0_9...}, goog:chromeOptions: {debuggerAddress: localhost:54073}, javascriptEnabled: true, networkConnectionEnabled: false, pageLoadStrategy: normal, platform: MAC, platformName: MAC, proxy: Proxy(), setWindowRect: true, strictFileInteractability: false, timeouts: {implicit: 0, pageLoad: 300000, script: 30000}, unhandledPromptBehavior: dismiss and notify}
Session ID: 01b19427cff478a9c0de4fbd157653d8
*** Element info: {Using=xpath, value=//*[@id="auth-error-message-box"]/div/div/ul/li/span}]]>
            </message>
            <full-stacktrace>
              <![CDATA[org.openqa.selenium.NoSuchElementException: no such element: Unable to locate element: {"method":"xpath","selector":"//*[@id="auth-error-message-box"]/div/div/ul/li/span"}
  (Session info: chrome=79.0.3945.130)
For documentation on this error, please visit: https://www.seleniumhq.org/exceptions/no_such_element.html
Build info: version: '3.141.59', revision: 'e82be7d358', time: '2018-11-14T08:17:03'
System info: host: 'MDs-MacBook-Air.fios-router.home', ip: 'fe80:0:0:0:4a3:48a0:b223:74ab%en0', os.name: 'Mac OS X', os.arch: 'x86_64', os.version: '10.15.3', java.version: '1.8.0_221'
Driver info: org.openqa.selenium.chrome.ChromeDriver
Capabilities {acceptInsecureCerts: false, browserName: chrome, browserVersion: 79.0.3945.130, chrome: {chromedriverVersion: 79.0.3945.36 (3582db32b3389..., userDataDir: /var/folders/tx/_y6jrbnj0_9...}, goog:chromeOptions: {debuggerAddress: localhost:54073}, javascriptEnabled: true, networkConnectionEnabled: false, pageLoadStrategy: normal, platform: MAC, platformName: MAC, proxy: Proxy(), setWindowRect: true, strictFileInteractability: false, timeouts: {implicit: 0, pageLoad: 300000, script: 30000}, unhandledPromptBehavior: dismiss and notify}
Session ID: 01b19427cff478a9c0de4fbd157653d8
*** Element info: {Using=xpath, value=//*[@id="auth-error-message-box"]/div/div/ul/li/span}
at sun.reflect.NativeConstructorAccessorImpl.newInstance0(Native Method)
at sun.reflect.NativeConstructorAccessorImpl.newInstance(NativeConstructorAccessorImpl.java:62)
at sun.reflect.DelegatingConstructorAccessorImpl.newInstance(DelegatingConstructorAccessorImpl.java:45)
at java.lang.reflect.Constructor.newInstance(Constructor.java:423)
at org.openqa.selenium.remote.http.W3CHttpResponseCodec.createException(W3CHttpResponseCodec.java:187)
at org.openqa.selenium.remote.http.W3CHttpResponseCodec.decode(W3CHttpResponseCodec.java:122)
at org.openqa.selenium.remote.http.W3CHttpResponseCodec.decode(W3CHttpResponseCodec.java:49)
at org.openqa.selenium.remote.HttpCommandExecutor.execute(HttpCommandExecutor.java:158)
at org.openqa.selenium.remote.service.DriverCommandExecutor.execute(DriverCommandExecutor.java:83)
at org.openqa.selenium.remote.RemoteWebDriver.execute(RemoteWebDriver.java:552)
at org.openqa.selenium.remote.RemoteWebDriver.findElement(RemoteWebDriver.java:323)
at org.openqa.selenium.remote.RemoteWebDriver.findElementByXPath(RemoteWebDriver.java:428)
at org.openqa.selenium.By$ByXPath.findElement(By.java:353)
at org.openqa.selenium.remote.RemoteWebDriver.findElement(RemoteWebDriver.java:315)
at org.openqa.selenium.support.pagefactory.DefaultElementLocator.findElement(DefaultElementLocator.java:69)
at org.openqa.selenium.support.pagefactory.internal.LocatingElementHandler.invoke(LocatingElementHandler.java:38)
at com.sun.proxy.$Proxy12.getText(Unknown Source)
at com.PageOBject.AmazonLoginPage.VerifyLogInError(AmazonLoginPage.java:84)
at com.Tests.AmazonLoginTest.LogIn_Invlid_Email(AmazonLoginTest.java:54)
at sun.reflect.NativeMethodAccessorImpl.invoke0(Native Method)
at sun.reflect.NativeMethodAccessorImpl.invoke(NativeMethodAccessorImpl.java:62)
at sun.reflect.DelegatingMethodAccessorImpl.invoke(DelegatingMethodAccessorImpl.java:43)
at java.lang.reflect.Method.invoke(Method.java:498)
at org.testng.internal.MethodInvocationHelper.invokeMethod(MethodInvocationHelper.java:133)
at org.testng.internal.TestInvoker.invokeMethod(TestInvoker.java:584)
at org.testng.internal.TestInvoker.invokeTestMethod(TestInvoker.java:172)
at org.testng.internal.MethodRunner.runInSequence(MethodRunner.java:46)
at org.testng.internal.TestInvoker$MethodInvocationAgent.invoke(TestInvoker.java:804)
at org.testng.internal.TestInvoker.invokeTestMethods(TestInvoker.java:145)
at org.testng.internal.TestMethodWorker.invokeTestMethods(TestMethodWorker.java:146)
at org.testng.internal.TestMethodWorker.run(TestMethodWorker.java:128)
at java.util.ArrayList.forEach(ArrayList.java:1257)
at org.testng.TestRunner.privateRun(TestRunner.java:770)
at org.testng.TestRunner.run(TestRunner.java:591)
at org.testng.SuiteRunner.runTest(SuiteRunner.java:402)
at org.testng.SuiteRunner.access$000(SuiteRunner.java:41)
at org.testng.SuiteRunner$SuiteWorker.run(SuiteRunner.java:443)
at org.testng.internal.thread.ThreadUtil.lambda$execute$0(ThreadUtil.java:67)
at java.util.concurrent.FutureTask.run(FutureTask.java:266)
at java.util.concurrent.ThreadPoolExecutor.runWorker(ThreadPoolExecutor.java:1149)
at java.util.concurrent.ThreadPoolExecutor$Worker.run(ThreadPoolExecutor.java:624)
at java.lang.Thread.run(Thread.java:748)
]]>
            </full-stacktrace>
          </exception> <!-- org.openqa.selenium.NoSuchElementException -->
          <reporter-output>
          </reporter-output>
        </test-method> <!-- LogIn_Invlid_Email -->
        <test-method status="PASS" signature="Cleanup(org.testng.ITestResult)[pri:0, instance:com.Tests.AmazonLoginTest@cd2dae5]" name="Cleanup" is-config="true" duration-ms="340" started-at="2020-02-18T17:25:12 EST" finished-at="2020-02-18T17:25:12 EST">
          <params>
            <param index="0">
              <value>
                <![CDATA[[TestResult name=LogIn_Invlid_Email status=FAILURE method=AmazonLoginTest.LogIn_Invlid_Email()[pri:0, instance:com.Tests.AmazonLoginTest@cd2dae5] output={null}]]]>
              </value>
            </param>
          </params>
          <reporter-output>
          </reporter-output>
        </test-method> <!-- Cleanup -->
        <test-method status="PASS" signature="setup(java.lang.String)[pri:0, instance:com.Tests.AmazonLoginTest@cd2dae5]" name="setup" is-config="true" duration-ms="7289" started-at="2020-02-18T17:25:12 EST" finished-at="2020-02-18T17:25:19 EST">
          <params>
            <param index="0">
              <value>
                <![CDATA[MACchrome]]>
              </value>
            </param>
          </params>
          <reporter-output>
          </reporter-output>
        </test-method> <!-- setup -->
        <test-method status="PASS" signature="LogIn_ValidEmail_invalidPass()[pri:0, instance:com.Tests.AmazonLoginTest@cd2dae5]" name="LogIn_ValidEmail_invalidPass" duration-ms="3717" started-at="2020-02-18T17:25:19 EST" finished-at="2020-02-18T17:25:23 EST">
          <reporter-output>
          </reporter-output>
        </test-method> <!-- LogIn_ValidEmail_invalidPass -->
        <test-method status="PASS" signature="Cleanup(org.testng.ITestResult)[pri:0, instance:com.Tests.AmazonLoginTest@cd2dae5]" name="Cleanup" is-config="true" duration-ms="337" started-at="2020-02-18T17:25:23 EST" finished-at="2020-02-18T17:25:23 EST">
          <params>
            <param index="0">
              <value>
                <![CDATA[[TestResult name=LogIn_ValidEmail_invalidPass status=SUCCESS method=AmazonLoginTest.LogIn_ValidEmail_invalidPass()[pri:0, instance:com.Tests.AmazonLoginTest@cd2dae5] output={null}]]]>
              </value>
            </param>
          </params>
          <reporter-output>
          </reporter-output>
        </test-method> <!-- Cleanup -->
        <test-method status="PASS" signature="setup(java.lang.String)[pri:0, instance:com.Tests.AmazonLoginTest@cd2dae5]" name="setup" is-config="true" duration-ms="7151" started-at="2020-02-18T17:25:23 EST" finished-at="2020-02-18T17:25:30 EST">
          <params>
            <param index="0">
              <value>
                <![CDATA[MACchrome]]>
              </value>
            </param>
          </params>
          <reporter-output>
          </reporter-output>
        </test-method> <!-- setup -->
        <test-method status="PASS" signature="LoginwithValidINFO()[pri:0, instance:com.Tests.AmazonLoginTest@cd2dae5]" name="LoginwithValidINFO" duration-ms="15196" started-at="2020-02-18T17:25:30 EST" finished-at="2020-02-18T17:25:46 EST">
          <reporter-output>
          </reporter-output>
        </test-method> <!-- LoginwithValidINFO -->
        <test-method status="PASS" signature="Cleanup(org.testng.ITestResult)[pri:0, instance:com.Tests.AmazonLoginTest@cd2dae5]" name="Cleanup" is-config="true" duration-ms="548" started-at="2020-02-18T17:25:46 EST" finished-at="2020-02-18T17:25:46 EST">
          <params>
            <param index="0">
              <value>
                <![CDATA[[TestResult name=LoginwithValidINFO status=SUCCESS method=AmazonLoginTest.LoginwithValidINFO()[pri:0, instance:com.Tests.AmazonLoginTest@cd2dae5] output={null}]]]>
              </value>
            </param>
          </params>
          <reporter-output>
          </reporter-output>
        </test-method> <!-- Cleanup -->
        <test-method status="PASS" signature="Teardown()[pri:0, instance:com.Tests.AmazonLoginTest@cd2dae5]" name="Teardown" is-config="true" duration-ms="845" started-at="2020-02-18T17:25:46 EST" finished-at="2020-02-18T17:25:47 EST">
          <reporter-output>
          </reporter-output>
        </test-method> <!-- Teardown -->
      </class> <!-- com.Tests.AmazonLoginTest -->
    </test> <!-- Test -->
  </suite> <!-- Suite -->
</testng-results>
